Arguments: 
  C:\Program Files\nodejs\node.exe C:\Program Files (x86)\Yarn\bin\yarn.js add babel-int

PATH: 
  C:\ProgramData\Anaconda3;C:\ProgramData\Anaconda3\Library\mingw-w64\bin;C:\ProgramData\Anaconda3\Library\usr\bin;C:\ProgramData\Anaconda3\Library\bin;C:\ProgramData\Anaconda3\Scripts;C:\oraclexe\app\oracle\product\11.2.0\server\bin;C:\Program Files (x86)\Java\jdk;C:\ProgramData\Oracle\Java\javapath;C:\Program Files\Microsoft MPI\Bin\;C:\Program Files (x86)\Intel\iCLS Client\;C:\Program Files\Intel\iCLS Client\;C:\Windows\system32;C:\Windows;C:\Windows\System32\Wbem;C:\Windows\System32\WindowsPowerShell\v1.0\;C:\Program Files (x86)\Intel\Intel(R) Management Engine Components\DAL;C:\Program Files\Intel\Intel(R) Management Engine Components\DAL;C:\Program Files (x86)\Intel\Intel(R) Management Engine Components\IPT;C:\Program Files\Intel\Intel(R) Management Engine Components\IPT;C:\Program Files (x86)\NVIDIA Corporation\PhysX\Common;C:\WINDOWS\system32;C:\WINDOWS;C:\WINDOWS\System32\Wbem;C:\WINDOWS\System32\WindowsPowerShell\v1.0\;C:\Program Files (x86)\Microsoft SQL Server\130\Tools\Binn\;C:\Program Files\Microsoft SQL Server\130\Tools\Binn\;C:\Program Files (x86)\Microsoft SQL Server\130\DTS\Binn\;C:\Program Files\Microsoft SQL Server\130\DTS\Binn\;C:\Program Files\Microsoft SQL Server\Client SDK\ODBC\130\Tools\Binn\;C:\Program Files (x86)\Microsoft SQL Server\Client SDK\ODBC\130\Tools\Binn\;C:\Program Files (x86)\Microsoft SQL Server\140\Tools\Binn\;C:\Program Files (x86)\Microsoft SQL Server\140\DTS\Binn\;C:\Program Files (x86)\Microsoft SQL Server\140\Tools\Binn\ManagementStudio\;C:\ProgramData\chocolatey\bin;C:\Program Files (x86)\Java\jre1.8.0_151;C:\Program Files (x86)\Yarn\bin;C:\Program Files\Git\cmd;C:\Android\Sdk\tools;C:\Android\Sdk\platforms;C:\Android\Sdk\platform-tools;C:\Program Files (x86)\Microsoft SQL Server\110\DTS\Binn\;C:\Program Files (x86)\Microsoft SQL Server\120\DTS\Binn\;C:\Program Files\Weka-3-8\weka.jar;C:\Program Files\Weka-3-8\mssql-jdbc-6.4.0.jre8.jar;C:\WINDOWS\System32\OpenSSH\;C:\Program Files (x86)\Calibre2\;C:\Program Files\nodejs\;C:\Program Files\IBM\Cloud\bin;C:\Program Files\dotnet\;C:\Users\Alambredepuas3\Documents\GitHub\MarkEat;C:\Users\Alambredepuas3\AppData\Local\Programs\Python\Python36-32\Scripts\;C:\Users\Alambredepuas3\AppData\Local\Programs\Python\Python36-32\;C:\Users\Alambredepuas3\AppData\Local\Microsoft\WindowsApps;C:\Program Files (x86)\Java\jre1.8.0_151;C:\Program Files\Microsoft VS Code\bin;C:\Users\Alambredepuas3\AppData\Local\Yarn\bin;C:\Program Files\Git\cmd;;C:\Users\Alambredepuas3\AppData\Local\Programs\Microsoft VS Code\bin;C:\Users\Alambredepuas3\AppData\Roaming\npm

Yarn version: 
  1.3.2

Node version: 
  10.9.0

Platform: 
  win32 x64

npm manifest: 
  {
    "name": "primer-packnpm",
    "version": "0.1.0",
    "description": "prueba de publicacion de paquetes en npm",
    "main": "index.js",
    "scripts": {
      "lint": "eslint lib/index.js",
      "prebuild": "npm run lint",
      "build": "babel lib --out-dir build",
      "test": "echo \"Error: no test specified\" && exit 1"
    },
    "repository": {
      "type": "git",
      "url": "git+https://github.com/ricnef2121/primer-packnpm.git"
    },
    "keywords": [
      "primer",
      "publicacion",
      "de",
      "node"
    ],
    "author": "RNLC",
    "license": "ISC",
    "bugs": {
      "url": "https://github.com/ricnef2121/primer-packnpm/issues"
    },
    "homepage": "https://github.com/ricnef2121/primer-packnpm#readme",
    "devDependencies": {
      "babel": "^6.23.0",
      "babel-cli": "^6.26.0",
      "babel-core": "^6.26.3",
      "babel-preset-env": "^1.7.0",
      "eslint": "^5.9.0",
      "eslint-config-airbnb-base": "^13.1.0",
      "eslint-plugin-import": "^2.14.0"
    }
  }

yarn manifest: 
  No manifest

Lockfile: 
  No lockfile

Trace: 
  Error: https://registry.yarnpkg.com/babel-int: Not found
      at Request.params.callback [as _callback] (C:\Program Files (x86)\Yarn\lib\cli.js:62098:18)
      at Request.self.callback (C:\Program Files (x86)\Yarn\lib\cli.js:123085:22)
      at Request.emit (events.js:182:13)
      at Request.<anonymous> (C:\Program Files (x86)\Yarn\lib\cli.js:124068:10)
      at Request.emit (events.js:182:13)
      at IncomingMessage.<anonymous> (C:\Program Files (x86)\Yarn\lib\cli.js:123988:12)
      at Object.onceWrapper (events.js:273:13)
      at IncomingMessage.emit (events.js:187:15)
      at endReadableNT (_stream_readable.js:1085:12)
      at process._tickCallback (internal/process/next_tick.js:63:19)
